<?xml version="1.0" encoding="UTF-8"?>
<!-- Generated by org.testng.reporters.JUnitReportReporter -->
<testsuite skipped="0" hostname="DESKTOP-36IJN45" name="Examples.NewTest" tests="1" failures="0" timestamp="24 Nov 2018 15:19:06 GMT" time="0.023" errors="0">
  <testcase name="f" time="0.023" classname="Examples.NewTest"/>
</testsuite> <!-- Examples.NewTest -->
